[2026-03-17T14:34:15.889Z] 
🔍 Running grid trading bot check...
[2026-03-17T14:34:15.893Z] Symbol: ASTER-PERP
[2026-03-17T14:34:15.893Z] Grid Range: $0.6 - $0.8
[2026-03-17T14:34:15.893Z] Levels: 20 | Order Size: $50
[2026-03-17T14:34:15.894Z] 
📊 Grid Status:
[2026-03-17T14:34:15.894Z]   Price: $0.6915
[2026-03-17T14:34:15.894Z]   Active Levels: 0/21
[2026-03-17T14:34:15.894Z]   Potential Profit: $0.00
[2026-03-17T14:34:15.894Z]   Daily Estimate: $0.00
[2026-03-17T14:34:15.895Z]   Status: IN_RANGE
[2026-03-17T14:34:15.895Z] 📄 Data saved: /home/node/.openclaw/workspace/seo-network/trading/data/2026-03-17-grid-data.json
[2026-03-17T14:34:15.895Z] 📊 Report generated: /home/node/.openclaw/workspace/seo-network/memory/2026-03-17-grid-report.md
[2026-03-17T14:34:15.895Z] 
✅ Grid bot check complete. Next check in 5 minutes.
[2026-03-17T14:39:15.963Z] 
🔍 Running grid trading bot check...
[2026-03-17T14:39:15.963Z] Symbol: ASTER-PERP
[2026-03-17T14:39:15.963Z] Grid Range: $0.6 - $0.8
[2026-03-17T14:39:15.963Z] Levels: 20 | Order Size: $50
[2026-03-17T14:39:15.964Z] 
📊 Grid Status:
[2026-03-17T14:39:15.964Z]   Price: $0.7127
[2026-03-17T14:39:15.964Z]   Active Levels: 2/21
[2026-03-17T14:39:15.964Z]   Potential Profit: $20.00
[2026-03-17T14:39:15.964Z]   Daily Estimate: $2.00
[2026-03-17T14:39:15.964Z]   Status: IN_RANGE
[2026-03-17T14:39:15.964Z] 📄 Data saved: /home/node/.openclaw/workspace/seo-network/trading/data/2026-03-17-grid-data.json
[2026-03-17T14:39:15.965Z] 📊 Report generated: /home/node/.openclaw/workspace/seo-network/memory/2026-03-17-grid-report.md
[2026-03-17T14:39:15.965Z] 
✅ Grid bot check complete. Next check in 5 minutes.
[2026-03-17T14:43:53.321Z] 
🔍 Running grid trading bot check (SIMULATION MODE)...
[2026-03-17T14:43:53.323Z] Symbol: ASTER-PERP
[2026-03-17T14:43:53.323Z] Grid Range: $0.6 - $0.8
[2026-03-17T14:43:53.323Z] Levels: 20 | Order Size: $50
[2026-03-17T14:43:53.323Z] Fees: 0.1% | Slippage: 0.2%
[2026-03-17T14:43:53.324Z] 
📊 Grid Status:
[2026-03-17T14:43:53.324Z]   Price: $0.6607
[2026-03-17T14:43:53.324Z]   Active Levels: 3/21
[2026-03-17T14:43:53.324Z]   Gross Profit: $30.00
[2026-03-17T14:43:53.324Z]   Fees: -$0.30 | Slippage: -$0.30
[2026-03-17T14:43:53.324Z]   Net Profit: $28.95 (96.5%)
[2026-03-17T14:43:53.324Z]   Losing Levels: 3 (14.3%)
[2026-03-17T14:43:53.324Z]   Unrealized Loss: $2.90
[2026-03-17T14:43:53.324Z]   Risk Level: LOW
[2026-03-17T14:43:53.324Z]   Status: IN_RANGE
[2026-03-17T14:43:53.324Z]   Worst-Case Loss: $300.00
[2026-03-17T14:43:53.324Z] 📄 Data saved: /home/node/.openclaw/workspace/seo-network/trading/data/2026-03-17-grid-data.json
[2026-03-17T14:43:53.325Z] 📊 Report generated: /home/node/.openclaw/workspace/seo-network/memory/2026-03-17-grid-report.md
[2026-03-17T14:43:53.325Z] 
✅ Grid bot check complete. Next check in 5 minutes.
[2026-03-17T14:48:53.391Z] 
🔍 Running grid trading bot check (SIMULATION MODE)...
[2026-03-17T14:48:53.391Z] Symbol: ASTER-PERP
[2026-03-17T14:48:53.391Z] Grid Range: $0.6 - $0.8
[2026-03-17T14:48:53.391Z] Levels: 20 | Order Size: $50
[2026-03-17T14:48:53.391Z] Fees: 0.1% | Slippage: 0.2%
[2026-03-17T14:48:53.392Z] 
📊 Grid Status:
[2026-03-17T14:48:53.392Z]   Price: $0.6841
[2026-03-17T14:48:53.392Z]   Active Levels: 1/21
[2026-03-17T14:48:53.392Z]   Gross Profit: $10.00
[2026-03-17T14:48:53.392Z]   Fees: -$0.10 | Slippage: -$0.10
[2026-03-17T14:48:53.392Z]   Net Profit: $9.65 (96.5%)
[2026-03-17T14:48:53.392Z]   Losing Levels: 1 (4.8%)
[2026-03-17T14:48:53.392Z]   Unrealized Loss: $0.29
[2026-03-17T14:48:53.392Z]   Risk Level: LOW
[2026-03-17T14:48:53.392Z]   Status: IN_RANGE
[2026-03-17T14:48:53.392Z]   Worst-Case Loss: $300.00
[2026-03-17T14:48:53.393Z] 📄 Data saved: /home/node/.openclaw/workspace/seo-network/trading/data/2026-03-17-grid-data.json
[2026-03-17T14:48:53.393Z] 📊 Report generated: /home/node/.openclaw/workspace/seo-network/memory/2026-03-17-grid-report.md
[2026-03-17T14:48:53.393Z] 
✅ Grid bot check complete. Next check in 5 minutes.
[2026-03-17T16:00:28.716Z] 
🔍 Running grid trading bot check (SIMULATION MODE)...
[2026-03-17T16:00:28.720Z] Symbol: ASTER-PERP
[2026-03-17T16:00:28.721Z] Grid Range: $0.6 - $0.8
[2026-03-17T16:00:28.721Z] Levels: 20 | Order Size: $50
[2026-03-17T16:00:28.721Z] Fees: 0.1% | Slippage: 0.2%
[2026-03-17T16:00:28.721Z] 
📊 Grid Status:
[2026-03-17T16:00:28.721Z]   Price: $0.6605
[2026-03-17T16:00:28.721Z]   Active Levels: 3/21
[2026-03-17T16:00:28.722Z]   Gross Profit: $30.00
[2026-03-17T16:00:28.722Z]   Fees: -$0.30 | Slippage: -$0.30
[2026-03-17T16:00:28.722Z]   Net Profit: $28.95 (96.5%)
[2026-03-17T16:00:28.722Z]   Losing Levels: 3 (14.3%)
[2026-03-17T16:00:28.722Z]   Unrealized Loss: $2.92
[2026-03-17T16:00:28.722Z]   Risk Level: LOW
[2026-03-17T16:00:28.722Z]   Status: IN_RANGE
[2026-03-17T16:00:28.722Z]   Worst-Case Loss: $300.00
[2026-03-17T16:00:28.722Z] 📄 Data saved: /home/node/.openclaw/workspace/seo-network/trading/data/2026-03-17-grid-data.json
[2026-03-17T16:00:28.723Z] 📊 Report generated: /home/node/.openclaw/workspace/seo-network/memory/2026-03-17-grid-report.md
[2026-03-17T16:00:28.723Z] 
✅ Grid bot check complete. Next check in 5 minutes.
